SF:lib/core/utils/result.dart
DA:17,4
DA:20,2
DA:23,4
DA:26,1
DA:27,3
DA:30,0
DA:33,0
DA:36,1
DA:37,1
DA:38,3
DA:39,2
DA:44,1
DA:45,1
DA:46,2
DA:47,2
DA:52,2
DA:53,1
DA:54,3
LF:18
LH:16
end_of_record
SF:lib/core/errors/failures.dart
DA:36,1
DA:37,1
DA:38,0
DA:39,2
DA:40,0
DA:41,0
DA:42,0
DA:43,0
DA:44,0
LF:9
LH:3
end_of_record
SF:lib/core/errors/exceptions.dart
DA:9,0
DA:11,0
DA:13,0
DA:19,0
DA:21,0
DA:22,0
DA:29,0
DA:31,0
DA:33,0
DA:40,0
DA:42,0
DA:44,0
DA:51,0
DA:53,0
DA:54,0
DA:60,0
DA:62,0
DA:63,0
DA:72,0
DA:75,0
DA:78,0
DA:81,0
DA:84,0
DA:86,0
LF:24
LH:0
end_of_record
