SF:lib/core/utils/result.dart
DA:17,4
DA:20,2
DA:23,4
DA:26,1
DA:27,3
DA:30,1
DA:31,1
DA:32,3
DA:33,2
DA:38,1
DA:39,1
DA:40,2
DA:41,2
DA:46,2
DA:47,1
DA:48,3
LF:16
LH:16
end_of_record
SF:lib/core/errors/failures.dart
DA:36,2
DA:37,2
DA:38,2
DA:39,4
DA:40,2
DA:41,2
DA:42,2
DA:43,2
DA:44,2
LF:9
LH:9
end_of_record
SF:lib/core/firebase/auth_config.dart
DA:12,3
DA:13,3
DA:18,3
DA:19,3
DA:24,0
DA:28,0
DA:30,0
DA:33,0
DA:34,0
DA:42,3
DA:44,3
DA:46,0
DA:50,3
DA:56,3
DA:57,3
DA:61,3
DA:62,3
DA:66,3
DA:67,3
DA:71,1
DA:72,1
DA:76,1
DA:77,1
DA:81,2
DA:86,2
DA:88,2
DA:89,0
DA:93,0
DA:94,0
DA:95,0
DA:98,2
DA:99,0
DA:100,0
DA:102,2
DA:103,2
DA:111,1
DA:116,1
DA:118,1
DA:119,0
DA:123,0
DA:124,0
DA:125,0
DA:128,1
DA:129,0
DA:130,0
DA:132,1
DA:133,1
DA:141,1
DA:143,1
DA:144,1
DA:145,0
DA:147,1
DA:148,1
DA:153,1
DA:155,1
DA:156,0
DA:157,1
DA:158,0
DA:159,0
DA:161,1
DA:162,1
DA:170,2
DA:175,2
DA:177,2
DA:183,0
DA:184,0
DA:185,0
DA:187,0
DA:188,2
DA:189,0
DA:190,0
DA:192,2
DA:193,2
DA:201,2
DA:203,2
DA:205,2
DA:211,0
DA:212,0
DA:213,0
DA:214,2
DA:215,0
DA:216,0
DA:218,2
DA:219,2
DA:227,0
DA:229,0
DA:231,0
DA:233,0
DA:235,0
DA:237,0
DA:239,0
DA:241,0
DA:243,0
DA:245,0
LF:94
LH:51
end_of_record
SF:lib/core/errors/exceptions.dart
DA:9,1
DA:11,1
DA:13,5
DA:19,1
DA:21,1
DA:22,2
DA:29,3
DA:31,3
DA:33,15
DA:40,4
DA:42,4
DA:44,20
DA:51,1
DA:53,1
DA:54,2
DA:60,1
DA:62,1
DA:63,2
LF:18
LH:18
end_of_record
SF:lib/core/utils/logger.dart
DA:5,15
DA:6,5
DA:17,0
DA:18,0
DA:22,0
DA:23,0
DA:27,3
DA:28,6
DA:32,5
DA:33,10
DA:37,0
DA:38,0
DA:42,3
DA:43,9
DA:47,0
DA:48,0
DA:49,0
DA:51,0
DA:52,0
DA:55,0
LF:20
LH:8
end_of_record
SF:lib/core/firebase/firebase_core_config.dart
DA:14,1
DA:16,0
DA:21,1
DA:23,2
DA:26,0
DA:30,0
DA:33,1
DA:39,1
DA:40,1
DA:44,1
DA:48,0
DA:50,0
DA:56,0
DA:57,0
DA:63,0
DA:64,0
DA:69,0
DA:75,2
DA:78,1
DA:80,1
DA:84,0
LF:21
LH:10
end_of_record
SF:lib/core/firebase/firebase_options.dart
DA:9,1
DA:13,1
DA:14,1
DA:16,0
DA:18,0
DA:20,0
DA:22,0
DA:23,0
DA:28,0
LF:9
LH:3
end_of_record
SF:lib/core/firebase/firestore_config.dart
DA:13,3
DA:14,3
DA:19,3
DA:20,3
DA:24,0
DA:30,0
DA:37,0
DA:38,0
DA:46,0
DA:47,0
DA:55,3
DA:59,3
DA:60,0
DA:63,6
DA:64,3
DA:65,3
DA:72,1
DA:77,1
DA:78,0
DA:80,0
DA:84,1
DA:85,1
DA:88,1
DA:89,1
DA:96,3
DA:97,3
DA:99,2
DA:100,2
DA:102,2
DA:103,2
DA:105,2
DA:106,2
DA:109,2
DA:110,2
DA:114,2
DA:118,2
DA:120,2
DA:122,0
DA:123,0
DA:127,2
DA:128,2
DA:129,4
DA:136,3
DA:138,3
DA:141,3
DA:142,0
DA:143,0
DA:144,0
DA:146,0
DA:147,0
DA:151,3
DA:157,2
DA:160,2
DA:165,0
DA:171,1
DA:173,1
DA:174,0
DA:176,1
DA:177,1
LF:59
LH:41
end_of_record
SF:lib/shared/providers/firebase_providers.dart
DA:13,4
DA:14,1
DA:18,4
DA:19,1
DA:23,4
DA:24,1
DA:28,0
DA:29,0
DA:33,4
DA:34,1
DA:38,4
DA:39,1
DA:43,4
DA:44,1
DA:48,4
DA:56,4
DA:57,1
DA:61,2
DA:62,2
DA:63,1
DA:66,2
DA:67,2
DA:68,1
DA:71,2
DA:72,2
DA:73,1
DA:76,2
DA:77,2
DA:78,1
LF:29
LH:27
end_of_record
SF:lib/core/network/network_info.dart
DA:10,0
DA:14,0
DA:15,0
DA:28,0
DA:35,0
DA:37,0
DA:39,0
DA:40,0
DA:42,0
DA:46,0
DA:50,0
DA:51,0
DA:52,0
DA:53,0
DA:54,0
DA:55,0
LF:16
LH:0
end_of_record
SF:lib/main.dart
DA:6,0
DA:8,0
DA:12,0
DA:13,0
DA:18,0
DA:20,0
DA:23,0
DA:28,4
DA:31,2
DA:33,2
DA:35,2
DA:36,2
DA:45,2
DA:47,2
DA:49,2
DA:50,2
DA:51,6
LF:17
LH:10
end_of_record
